<testsuite name="ru.performance.gatling.HttpSampleSimulation" tests="2" errors="0" failures="0" time="0">
<testcase name="Global: 95th percentile of response time is less than 1000.0" status="true" time="0">
  <system-out>Global: 95th percentile of response time is less than 1000.0</system-out>
</testcase>
<testcase name="Global: percentage of successful events is greater than 95.0" status="true" time="0">
  <system-out>Global: percentage of successful events is greater than 95.0</system-out>
</testcase>
</testsuite>